<?xml version="1.0" encoding="UTF-8"?>
<!-- Generated by org.testng.reporters.JUnitXMLReporter -->
<testsuite ignored="0" hostname="ZA-NB054" failures="1" tests="4" name="PositiveTests-Fake Pricing" time="54.703" errors="0" timestamp="2021-10-17T14:44:39 SAST">
  <testcase classname="siduduzo.voss.tests.FakePricingPageTest" name="purchasePackage" time="6.11"/>
  <testcase classname="siduduzo.voss.tests.FillOutFormPageTest" name="fillOutForms" time="12.978"/>
  <testcase classname="siduduzo.voss.tests.HomePageTest" name="verifyHomePage" time="1.526"/>
  <testcase classname="siduduzo.voss.tests.LoginPageTest" name="testLogin" time="17.912">
    <failure type="org.openqa.selenium.TimeoutException" message="Expected condition failed: waiting for visibility of element located by By.name: q (tried for 10 second(s) with 500 milliseconds interval)
Build info: version: &amp;apos;4.0.0-alpha-7&amp;apos;, revision: &amp;apos;de8579b6d5&amp;apos;
System info: host: &amp;apos;ZA-NB054&amp;apos;, ip: &amp;apos;192.168.18.30&amp;apos;, os.name: &amp;apos;Windows 10&amp;apos;, os.arch: &amp;apos;amd64&amp;apos;, os.version: &amp;apos;10.0&amp;apos;, java.version: &amp;apos;17&amp;apos;
Driver info: org.openqa.selenium.firefox.FirefoxDriver
Capabilities {acceptInsecureCerts: true, browserName: firefox, browserVersion: 93.0, javascriptEnabled: true, moz:accessibilityChecks: false, moz:buildID: 20210927210923, moz:geckodriverVersion: 0.30.0, moz:headless: false, moz:processID: 40524, moz:profile: C:\Users\smanqele\AppData\L..., moz:shutdownTimeout: 60000, moz:useNonSpecCompliantPointerOrigin: false, moz:webdriverClick: true, pageLoadStrategy: normal, platform: WINDOWS, platformName: WINDOWS, platformVersion: 10.0, proxy: Proxy(), setWindowRect: true, strictFileInteractability: false, timeouts: {implicit: 0, pageLoad: 300000, script: 30000}, unhandledPromptBehavior: dismiss and notify}
Session ID: 50ae4a7f-27d8-48f6-af00-9eff675243e5">
      <![CDATA[org.openqa.selenium.TimeoutException: Expected condition failed: waiting for visibility of element located by By.name: q (tried for 10 second(s) with 500 milliseconds interval)
Build info: version: '4.0.0-alpha-7', revision: 'de8579b6d5'
System info: host: 'ZA-NB054', ip: '192.168.18.30', os.name: 'Windows 10', os.arch: 'amd64', os.version: '10.0', java.version: '17'
Driver info: org.openqa.selenium.firefox.FirefoxDriver
Capabilities {acceptInsecureCerts: true, browserName: firefox, browserVersion: 93.0, javascriptEnabled: true, moz:accessibilityChecks: false, moz:buildID: 20210927210923, moz:geckodriverVersion: 0.30.0, moz:headless: false, moz:processID: 40524, moz:profile: C:\Users\smanqele\AppData\L..., moz:shutdownTimeout: 60000, moz:useNonSpecCompliantPointerOrigin: false, moz:webdriverClick: true, pageLoadStrategy: normal, platform: WINDOWS, platformName: WINDOWS, platformVersion: 10.0, proxy: Proxy(), setWindowRect: true, strictFileInteractability: false, timeouts: {implicit: 0, pageLoad: 300000, script: 30000}, unhandledPromptBehavior: dismiss and notify}
Session ID: 50ae4a7f-27d8-48f6-af00-9eff675243e5
at org.openqa.selenium.support.ui.FluentWait.until(FluentWait.java:211)
at siduduzo.voss.pages.BasePage.waitVisibility(BasePage.java:50)
at siduduzo.voss.pages.LoginPage.logout(LoginPage.java:42)
at siduduzo.voss.tests.LoginPageTest.testLogin(LoginPageTest.java:22)
at java.base/java.util.ArrayList.forEach(ArrayList.java:1511)
... Removed 27 stack frames]]>
    </failure>
  </testcase> <!-- testLogin -->
</testsuite> <!-- PositiveTests-Fake Pricing -->
